Generated at 2016-12-14 09:19:39 +0000
NoMethodError: No resource or method named `yum_repository' for `ChefCompat::Recipe "default"'
/opt/chefdk/embedded/lib/ruby/gems/2.1.0/gems/chef-12.9.41/lib/chef/dsl/method_missing.rb:68:in `rescue in method_missing'
/opt/chefdk/embedded/lib/ruby/gems/2.1.0/gems/chef-12.9.41/lib/chef/dsl/method_missing.rb:65:in `method_missing'
/vagrant/chef-solo/cookbooks/yum-epel/recipes/default.rb:23:in `block in from_file'
/vagrant/chef-solo/cookbooks/yum-epel/recipes/default.rb:20:in `each'
/vagrant/chef-solo/cookbooks/yum-epel/recipes/default.rb:20:in `from_file'
/opt/chefdk/embedded/lib/ruby/gems/2.1.0/gems/chef-12.9.41/lib/chef/mixin/from_file.rb:30:in `instance_eval'
/opt/chefdk/embedded/lib/ruby/gems/2.1.0/gems/chef-12.9.41/lib/chef/mixin/from_file.rb:30:in `from_file'
/opt/chefdk/embedded/lib/ruby/gems/2.1.0/gems/chef-12.9.41/lib/chef/cookbook_version.rb:233:in `load_recipe'
/vagrant/chef-solo/cookbooks/compat_resource/files/lib/chef_compat/monkeypatches/chef/run_context.rb:347:in `load_recipe'
/vagrant/chef-solo/cookbooks/compat_resource/files/lib/chef_compat/monkeypatches/chef/run_context.rb:303:in `block in include_recipe'
/vagrant/chef-solo/cookbooks/compat_resource/files/lib/chef_compat/monkeypatches/chef/run_context.rb:302:in `each'
/vagrant/chef-solo/cookbooks/compat_resource/files/lib/chef_compat/monkeypatches/chef/run_context.rb:302:in `include_recipe'
/opt/chefdk/embedded/lib/ruby/gems/2.1.0/gems/chef-12.9.41/lib/chef/dsl/include_recipe.rb:26:in `include_recipe'
/vagrant/chef-solo/cookbooks/yum-repoforge/recipes/default.rb:20:in `from_file'
/opt/chefdk/embedded/lib/ruby/gems/2.1.0/gems/chef-12.9.41/lib/chef/mixin/from_file.rb:30:in `instance_eval'
/opt/chefdk/embedded/lib/ruby/gems/2.1.0/gems/chef-12.9.41/lib/chef/mixin/from_file.rb:30:in `from_file'
/opt/chefdk/embedded/lib/ruby/gems/2.1.0/gems/chef-12.9.41/lib/chef/cookbook_version.rb:233:in `load_recipe'
/vagrant/chef-solo/cookbooks/compat_resource/files/lib/chef_compat/monkeypatches/chef/run_context.rb:347:in `load_recipe'
/vagrant/chef-solo/cookbooks/compat_resource/files/lib/chef_compat/monkeypatches/chef/run_context.rb:303:in `block in include_recipe'
/vagrant/chef-solo/cookbooks/compat_resource/files/lib/chef_compat/monkeypatches/chef/run_context.rb:302:in `each'
/vagrant/chef-solo/cookbooks/compat_resource/files/lib/chef_compat/monkeypatches/chef/run_context.rb:302:in `include_recipe'
/opt/chefdk/embedded/lib/ruby/gems/2.1.0/gems/chef-12.9.41/lib/chef/dsl/include_recipe.rb:26:in `include_recipe'
/vagrant/chef-solo/cookbooks/proftpd-ii/recipes/default.rb:24:in `from_file'
/opt/chefdk/embedded/lib/ruby/gems/2.1.0/gems/chef-12.9.41/lib/chef/mixin/from_file.rb:30:in `instance_eval'
/opt/chefdk/embedded/lib/ruby/gems/2.1.0/gems/chef-12.9.41/lib/chef/mixin/from_file.rb:30:in `from_file'
/opt/chefdk/embedded/lib/ruby/gems/2.1.0/gems/chef-12.9.41/lib/chef/cookbook_version.rb:233:in `load_recipe'
/vagrant/chef-solo/cookbooks/compat_resource/files/lib/chef_compat/monkeypatches/chef/run_context.rb:347:in `load_recipe'
/opt/chefdk/embedded/lib/ruby/gems/2.1.0/gems/chef-12.9.41/lib/chef/run_context/cookbook_compiler.rb:140:in `block in compile_recipes'
/opt/chefdk/embedded/lib/ruby/gems/2.1.0/gems/chef-12.9.41/lib/chef/run_context/cookbook_compiler.rb:138:in `each'
/opt/chefdk/embedded/lib/ruby/gems/2.1.0/gems/chef-12.9.41/lib/chef/run_context/cookbook_compiler.rb:138:in `compile_recipes'
/opt/chefdk/embedded/lib/ruby/gems/2.1.0/gems/chef-12.9.41/lib/chef/run_context/cookbook_compiler.rb:75:in `compile'
/opt/chefdk/embedded/lib/ruby/gems/2.1.0/gems/chef-12.9.41/lib/chef/run_context.rb:176:in `load'
/opt/chefdk/embedded/lib/ruby/gems/2.1.0/gems/chef-12.9.41/lib/chef/policy_builder/expand_node_object.rb:97:in `setup_run_context'
/opt/chefdk/embedded/lib/ruby/gems/2.1.0/gems/chef-12.9.41/lib/chef/client.rb:508:in `setup_run_context'
/opt/chefdk/embedded/lib/ruby/gems/2.1.0/gems/chef-12.9.41/lib/chef/client.rb:278:in `run'
/opt/chefdk/embedded/lib/ruby/gems/2.1.0/gems/chef-12.9.41/lib/chef/application.rb:285:in `block in fork_chef_client'
/opt/chefdk/embedded/lib/ruby/gems/2.1.0/gems/chef-12.9.41/lib/chef/application.rb:273:in `fork'
/opt/chefdk/embedded/lib/ruby/gems/2.1.0/gems/chef-12.9.41/lib/chef/application.rb:273:in `fork_chef_client'
/opt/chefdk/embedded/lib/ruby/gems/2.1.0/gems/chef-12.9.41/lib/chef/application.rb:238:in `block in run_chef_client'
/opt/chefdk/embedded/lib/ruby/gems/2.1.0/gems/chef-12.9.41/lib/chef/local_mode.rb:44:in `with_server_connectivity'
/opt/chefdk/embedded/lib/ruby/gems/2.1.0/gems/chef-12.9.41/lib/chef/application.rb:226:in `run_chef_client'
/opt/chefdk/embedded/lib/ruby/gems/2.1.0/gems/chef-12.9.41/lib/chef/application/solo.rb:301:in `block in interval_run_chef_client'
/opt/chefdk/embedded/lib/ruby/gems/2.1.0/gems/chef-12.9.41/lib/chef/application/solo.rb:290:in `loop'
/opt/chefdk/embedded/lib/ruby/gems/2.1.0/gems/chef-12.9.41/lib/chef/application/solo.rb:290:in `interval_run_chef_client'
/opt/chefdk/embedded/lib/ruby/gems/2.1.0/gems/chef-12.9.41/lib/chef/application/solo.rb:269:in `run_application'
/opt/chefdk/embedded/lib/ruby/gems/2.1.0/gems/chef-12.9.41/lib/chef/application.rb:58:in `run'
/opt/chefdk/embedded/lib/ruby/gems/2.1.0/gems/chef-12.9.41/bin/chef-solo:25:in `<top (required)>'
/usr/bin/chef-solo:51:in `load'
/usr/bin/chef-solo:51:in `<main>'